<?xml version="1.0" encoding="UTF-8"?>
<!-- Generated by org.testng.reporters.JUnitReportReporter -->
<testsuite hostname="DESKTOP-16RT7DI" failures="0" tests="3" name="testPackage.TestClass" time="5.357" errors="0" timestamp="2022-06-18T15:05:35 EET" skipped="0">
  <testcase classname="testPackage.TestClass" name="checkThatGoogleLogoIsDisplayed" time="0.758"/>
  <system-out/>
  <testcase classname="testPackage.TestClass" name="checkThatPageTitleIsGoogle" time="0.682"/>
  <system-out/>
  <testcase classname="testPackage.TestClass" name="checkThatResultStatsIsNotEmpty" time="3.917"/>
  <system-out/>
</testsuite> <!-- testPackage.TestClass -->
